<?xml version="1.0" encoding="UTF-8"?>
<!-- Generated by org.testng.reporters.JUnitXMLReporter -->
<testsuite hostname="LAPTOP-L7UCG5L7" failures="1" tests="1"
	name="ChromeTest" time="2.255" errors="0"
	timestamp="28 Nov 2022 05:10:52 GMT">
	<testcase classname="lambda.CrossBrowser.TEST"
		name="testParameterWithXML" time="0.008">
		<failure type="java.lang.NullPointerException"
			message="Cannot invoke &amp;quot;org.openqa.selenium.WebDriver.get(String)&amp;quot; because &amp;quot;lambda.CrossBrowser.TEST.driver&amp;quot; is null">
      <![CDATA[java.lang.NullPointerException: Cannot invoke "org.openqa.selenium.WebDriver.get(String)" because "lambda.CrossBrowser.TEST.driver" is null
	at lambda.CrossBrowser.TEST.testParameterWithXML(TEST.java:41)
	at java.base/java.util.concurrent.FutureTask.run(FutureTask.java:264)
	at java.base/java.util.concurrent.ThreadPoolExecutor.runWorker(ThreadPoolExecutor.java:1136)
	at java.base/java.util.concurrent.ThreadPoolExecutor$Worker.run(ThreadPoolExecutor.java:635)
	at java.base/java.lang.Thread.run(Thread.java:833)
... Removed 16 stack frames]]>
		</failure>
	</testcase> <!-- testParameterWithXML -->
</testsuite> <!-- ChromeTest -->
