<?xml version="1.0" encoding="UTF-8"?>
<!-- Generated by org.testng.reporters.JUnitXMLReporter -->
<testsuite hostname="LAPTOP-L7UCG5L7" failures="0" tests="0"
	time="1.75" errors="0" timestamp="28 Nov 2022 06:34:48 GMT">
	<testcase classname="lambda.CrossBrowser.TEST"
		name="@BeforeTest setup" time="0.0">
		<failure type="java.lang.NullPointerException"
			message="Cannot invoke &amp;quot;org.openqa.selenium.WebDriver.manage()&amp;quot; because &amp;quot;this.driver&amp;quot; is null">
      <![CDATA[java.lang.NullPointerException: Cannot invoke "org.openqa.selenium.WebDriver.manage()" because "this.driver" is null
	at lambda.CrossBrowser.TEST.setup(TEST.java:39)
... Removed 22 stack frames]]>
		</failure>
	</testcase> <!-- @BeforeTest setup -->
</testsuite>
