<?xml version="1.0" encoding="UTF-8"?>
<!-- Generated by org.testng.reporters.JUnitXMLReporter -->
<testsuite hostname="LAPTOP-L7UCG5L7" failures="1" tests="1"
	name="Test" time="0.07" errors="0" timestamp="30 Nov 2022 09:44:50 GMT">
	<testcase classname="lambda.CrossBrowser.dockertest" name=""
		time="0.042">
		<failure type="java.net.MalformedURLException"
			message="unknown protocol: hhtp">
      <![CDATA[java.net.MalformedURLException: unknown protocol: hhtp
	at java.base/java.net.URL.<init>(URL.java:681)
	at java.base/java.net.URL.<init>(URL.java:569)
	at java.base/java.net.URL.<init>(URL.java:516)
	at lambda.CrossBrowser.dockertest.testapp(dockertest.java:20)
... Removed 24 stack frames]]>
		</failure>
	</testcase> <!-- -->
</testsuite> <!-- Test -->
